<?xml version="1.0" encoding="UTF-8"?>
<testng-results skipped="0" failed="0" ignored="0" total="1" passed="1">
  <reporter-output>
  </reporter-output>
  <suite name="Default suite" duration-ms="2891" started-at="2019-07-13T04:49:04Z" finished-at="2019-07-13T04:49:07Z">
    <groups>
    </groups>
    <test name="Default test" duration-ms="2891" started-at="2019-07-13T04:49:04Z" finished-at="2019-07-13T04:49:07Z">
      <class name="TC007_GET_RequestAuthentification">
        <test-method status="PASS" signature="authorizationTest()[pri:0, instance:TC007_GET_RequestAuthentification@8bd1b6a]" name="authorizationTest" duration-ms="2859" started-at="2019-07-13T04:49:04Z" finished-at="2019-07-13T04:49:07Z">
          <reporter-output>
          </reporter-output>
        </test-method> <!-- authorizationTest -->
      </class> <!-- TC007_GET_RequestAuthentification -->
    </test> <!-- Default test -->
  </suite> <!-- Default suite -->
</testng-results>
